<?xml version="1.0" encoding="UTF-8"?>
<!-- Generated by org.testng.reporters.JUnitReportReporter -->
<testsuite hostname="LAPTOP-2F76RQJQ" failures="0" tests="6" name="ezcontent.qa.testcases.LoginPageTest" time="16.126" errors="0" timestamp="2020-05-20T00:43:04 IST" skipped="0">
  <testcase classname="ezcontent.qa.testcases.LoginPageTest" name="loginPageTitle" time="0.034"/>
  <system-out/>
  <testcase classname="ezcontent.qa.testcases.LoginPageTest" name="loginPageLogo" time="0.109"/>
  <system-out/>
  <testcase classname="ezcontent.qa.testcases.LoginPageTest" name="loginFunctionalityTest" time="6.404"/>
  <system-out/>
  <testcase classname="ezcontent.qa.testcases.LoginPageTest" name="dashboardPageTitle" time="3.018"/>
  <system-out/>
  <testcase classname="ezcontent.qa.testcases.LoginPageTest" name="navigatetoDashboard" time="1.056"/>
  <system-out/>
  <testcase classname="ezcontent.qa.testcases.LoginPageTest" name="logout" time="5.505"/>
  <system-out/>
</testsuite> <!-- ezcontent.qa.testcases.LoginPageTest -->
