<?xml version="1.0" encoding="UTF-8"?>
<!-- Generated by org.testng.reporters.JUnitReportReporter -->
<testsuite hostname="LAPTOP-2F76RQJQ" failures="0" tests="4" name="ezcontent.qa.testcases.ForgetPasswordPageTest" time="9.101" errors="0" timestamp="2020-05-20T00:43:04 IST" skipped="0">
  <testcase classname="ezcontent.qa.testcases.ForgetPasswordPageTest" name="forgetPaswdTitleTest" time="0.030"/>
  <system-out/>
  <testcase classname="ezcontent.qa.testcases.ForgetPasswordPageTest" name="logoImageTest" time="0.071"/>
  <system-out/>
  <testcase classname="ezcontent.qa.testcases.ForgetPasswordPageTest" name="forgetPaswdSubmitTest" time="8.861"/>
  <system-out/>
  <testcase classname="ezcontent.qa.testcases.ForgetPasswordPageTest" name="statusMessageTest" time="0.139"/>
  <system-out/>
</testsuite> <!-- ezcontent.qa.testcases.ForgetPasswordPageTest -->
